<?xml version="1.0" encoding="UTF-8"?>
<!-- Generated by org.testng.reporters.JUnitReportReporter -->
<testsuite hostname="LAPTOP-BL1B3UU3" failures="0" tests="1" name="main.PurchaseAmountValidation" time="1.152" errors="0" timestamp="2024-09-05T22:54:29 IST" skipped="0">
  <testcase classname="main.PurchaseAmountValidation" name="sumOfCourses" time="1.152"/>
</testsuite> <!-- main.PurchaseAmountValidation -->
